2026-02-19T20:58:49.663Z [ERROR]: Scraper failed: getaddrinfo ENOTFOUND example.com
2026-02-19T21:05:49.793Z [ERROR]: Eventbrite scraper failed: Waiting for selector `[data-testid="event-card"]` failed
2026-02-20 13:59:46 [[31merror[39m]: TokenError: Bad Request
    at OAuth2Strategy.parseErrorResponse (C:\Users\Prince\Desktop\Scraper-Project\scraperbackend\node_modules\passport-oauth2\lib\strategy.js:373:12)
    at OAuth2Strategy._createOAuthError (C:\Users\Prince\Desktop\Scraper-Project\scraperbackend\node_modules\passport-oauth2\lib\strategy.js:420:16)
    at C:\Users\Prince\Desktop\Scraper-Project\scraperbackend\node_modules\passport-oauth2\lib\strategy.js:177:45
    at C:\Users\Prince\Desktop\Scraper-Project\scraperbackend\node_modules\oauth\lib\oauth2.js:196:18
    at passBackControl (C:\Users\Prince\Desktop\Scraper-Project\scraperbackend\node_modules\oauth\lib\oauth2.js:132:9)
    at IncomingMessage.<anonymous> (C:\Users\Prince\Desktop\Scraper-Project\scraperbackend\node_modules\oauth\lib\oauth2.js:157:7)
    at IncomingMessage.emit (node:events:520:35)
    at endReadableNT (node:internal/streams/readable:1701:12)
    at process.processTicksAndRejections (node:internal/process/task_queues:89:21)
2026-02-20 18:35:11 [[31merror[39m]: TokenError: Bad Request
    at OAuth2Strategy.parseErrorResponse (C:\Users\Prince\Desktop\Scraper-Project\scraperbackend\node_modules\passport-oauth2\lib\strategy.js:373:12)
    at OAuth2Strategy._createOAuthError (C:\Users\Prince\Desktop\Scraper-Project\scraperbackend\node_modules\passport-oauth2\lib\strategy.js:420:16)
    at C:\Users\Prince\Desktop\Scraper-Project\scraperbackend\node_modules\passport-oauth2\lib\strategy.js:177:45
    at C:\Users\Prince\Desktop\Scraper-Project\scraperbackend\node_modules\oauth\lib\oauth2.js:196:18
    at passBackControl (C:\Users\Prince\Desktop\Scraper-Project\scraperbackend\node_modules\oauth\lib\oauth2.js:132:9)
    at IncomingMessage.<anonymous> (C:\Users\Prince\Desktop\Scraper-Project\scraperbackend\node_modules\oauth\lib\oauth2.js:157:7)
    at IncomingMessage.emit (node:events:520:35)
    at endReadableNT (node:internal/streams/readable:1701:12)
    at process.processTicksAndRejections (node:internal/process/task_queues:89:21)
2026-02-20 20:07:24 [[31merror[39m]: CastError: Cast to ObjectId failed for value "scrape-eventbrite" (type string) at path "_id" for model "Event"
    at SchemaObjectId.cast (C:\Users\Prince\Desktop\Scraper-Project\scraperbackend\node_modules\mongoose\lib\schema\objectId.js:253:11)
    at SchemaType.applySetters (C:\Users\Prince\Desktop\Scraper-Project\scraperbackend\node_modules\mongoose\lib\schemaType.js:1288:12)
    at SchemaType.castForQuery (C:\Users\Prince\Desktop\Scraper-Project\scraperbackend\node_modules\mongoose\lib\schemaType.js:1724:17)
    at cast (C:\Users\Prince\Desktop\Scraper-Project\scraperbackend\node_modules\mongoose\lib\cast.js:390:32)
    at Query.cast (C:\Users\Prince\Desktop\Scraper-Project\scraperbackend\node_modules\mongoose\lib\query.js:5060:12)
    at Query._castConditions (C:\Users\Prince\Desktop\Scraper-Project\scraperbackend\node_modules\mongoose\lib\query.js:2374:10)
    at model.Query._findOne (C:\Users\Prince\Desktop\Scraper-Project\scraperbackend\node_modules\mongoose\lib\query.js:2697:8)
    at model.Query.exec (C:\Users\Prince\Desktop\Scraper-Project\scraperbackend\node_modules\mongoose\lib\query.js:4627:80)
    at process.processTicksAndRejections (node:internal/process/task_queues:103:5)
    at async EventService.getEventById (file:///C:/Users/Prince/Desktop/Scraper-Project/scraperbackend/src/services/event.service.js:91:19)
2026-02-20 20:10:48 [[31merror[39m]: CastError: Cast to ObjectId failed for value "scrape-eventbrite" (type string) at path "_id" for model "Event"
    at SchemaObjectId.cast (C:\Users\Prince\Desktop\Scraper-Project\scraperbackend\node_modules\mongoose\lib\schema\objectId.js:253:11)
    at SchemaType.applySetters (C:\Users\Prince\Desktop\Scraper-Project\scraperbackend\node_modules\mongoose\lib\schemaType.js:1288:12)
    at SchemaType.castForQuery (C:\Users\Prince\Desktop\Scraper-Project\scraperbackend\node_modules\mongoose\lib\schemaType.js:1724:17)
    at cast (C:\Users\Prince\Desktop\Scraper-Project\scraperbackend\node_modules\mongoose\lib\cast.js:390:32)
    at Query.cast (C:\Users\Prince\Desktop\Scraper-Project\scraperbackend\node_modules\mongoose\lib\query.js:5060:12)
    at Query._castConditions (C:\Users\Prince\Desktop\Scraper-Project\scraperbackend\node_modules\mongoose\lib\query.js:2374:10)
    at model.Query._findOne (C:\Users\Prince\Desktop\Scraper-Project\scraperbackend\node_modules\mongoose\lib\query.js:2697:8)
    at model.Query.exec (C:\Users\Prince\Desktop\Scraper-Project\scraperbackend\node_modules\mongoose\lib\query.js:4627:80)
    at process.processTicksAndRejections (node:internal/process/task_queues:103:5)
    at async EventService.getEventById (file:///C:/Users/Prince/Desktop/Scraper-Project/scraperbackend/src/services/event.service.js:91:19)
2026-02-20 21:54:38 [[31merror[39m]: CastError: Cast to ObjectId failed for value "scrape-eventbrite" (type string) at path "_id" for model "Event"
    at SchemaObjectId.cast (C:\Users\Prince\Desktop\Scraper-Project\scraperbackend\node_modules\mongoose\lib\schema\objectId.js:253:11)
    at SchemaType.applySetters (C:\Users\Prince\Desktop\Scraper-Project\scraperbackend\node_modules\mongoose\lib\schemaType.js:1288:12)
    at SchemaType.castForQuery (C:\Users\Prince\Desktop\Scraper-Project\scraperbackend\node_modules\mongoose\lib\schemaType.js:1724:17)
    at cast (C:\Users\Prince\Desktop\Scraper-Project\scraperbackend\node_modules\mongoose\lib\cast.js:390:32)
    at Query.cast (C:\Users\Prince\Desktop\Scraper-Project\scraperbackend\node_modules\mongoose\lib\query.js:5060:12)
    at Query._castConditions (C:\Users\Prince\Desktop\Scraper-Project\scraperbackend\node_modules\mongoose\lib\query.js:2374:10)
    at model.Query._findOne (C:\Users\Prince\Desktop\Scraper-Project\scraperbackend\node_modules\mongoose\lib\query.js:2697:8)
    at model.Query.exec (C:\Users\Prince\Desktop\Scraper-Project\scraperbackend\node_modules\mongoose\lib\query.js:4627:80)
    at process.processTicksAndRejections (node:internal/process/task_queues:103:5)
    at async EventService.getEventById (file:///C:/Users/Prince/Desktop/Scraper-Project/scraperbackend/src/services/event.service.js:91:19)
